<?xml version="1.0" encoding="UTF-8"?>
<!-- Generated by org.testng.reporters.JUnitReportReporter -->
<testsuite hostname="Mapal" failures="0" tests="1" name="restAssured.TestOnLocalApi" time="1.730" errors="0" timestamp="03 Apr. 2023 00:40:16 GMT" skipped="0">
  <testcase classname="restAssured.TestOnLocalApi" name="delete" time="1.730"/>
</testsuite> <!-- restAssured.TestOnLocalApi -->
