<?xml version="1.0" encoding="UTF-8"?>
<!-- Generated by org.testng.reporters.JUnitReportReporter -->
<testsuite hostname="Mapal" failures="0" tests="2" name="selenium.TC001_GET_Request" time="3.357" errors="0" timestamp="01 Apr. 2023 03:35:21 GMT" skipped="0">
  <testcase classname="selenium.TC001_GET_Request" name="Test_2" time="1.020"/>
  <testcase classname="selenium.TC001_GET_Request" name="Test_1" time="2.337"/>
</testsuite> <!-- selenium.TC001_GET_Request -->
