<?xml version="1.0" encoding="UTF-8"?>
<!-- Generated by org.testng.reporters.JUnitReportReporter -->
<testsuite hostname="Mapal" failures="0" tests="1" name="restAssured.GetAndPostExamples" time="1.901" errors="0" timestamp="01 Apr. 2023 20:02:55 GMT" skipped="0">
  <testcase classname="restAssured.GetAndPostExamples" name="testPost" time="1.901"/>
</testsuite> <!-- restAssured.GetAndPostExamples -->
