<?xml version="1.0" encoding="UTF-8"?>
<!-- Generated by org.testng.reporters.JUnitReportReporter -->
<testsuite hostname="Mapal" failures="0" tests="3" name="restAssured.PutPatchDeleteExample" time="2.576" errors="0" timestamp="01 Apr. 2023 20:26:42 GMT" skipped="0">
  <testcase classname="restAssured.PutPatchDeleteExample" name="testPut" time="0.430"/>
  <testcase classname="restAssured.PutPatchDeleteExample" name="testPatch" time="0.557"/>
  <testcase classname="restAssured.PutPatchDeleteExample" name="testDelete" time="1.589"/>
</testsuite> <!-- restAssured.PutPatchDeleteExample -->
