<?xml version="1.0" encoding="UTF-8"?>
<!-- Generated by org.testng.reporters.JUnitReportReporter -->
<testsuite hostname="Mapal" failures="0" tests="1" name="restAssured.JsonShemaValidator" time="2.049" errors="0" timestamp="06 Apr. 2023 23:46:03 GMT" skipped="0">
  <testcase classname="restAssured.JsonShemaValidator" name="testGet" time="2.049"/>
</testsuite> <!-- restAssured.JsonShemaValidator -->
