<?xml version="1.0" encoding="UTF-8"?>
<!-- Generated by org.testng.reporters.JUnitReportReporter -->
<testsuite hostname="Mapal" failures="0" tests="1" name="restAssured.SoapXMLRequest" time="1.958" errors="0" timestamp="06 Apr. 2023 23:31:16 GMT" skipped="0">
  <testcase classname="restAssured.SoapXMLRequest" name="validateSoapXML" time="1.958"/>
</testsuite> <!-- restAssured.SoapXMLRequest -->
